{
  "uid" : "4b601c3d526dc72f",
  "name" : "Yandex и ВК ID. Отображение кнопок входа",
  "fullName" : "tests.test_im_reg_auth.TestImAuthReg#test_ya_vk_displayed",
  "historyId" : "155074d0a2e7c52ba7ec7faf6b910362",
  "time" : {
    "start" : 1738330092767,
    "stop" : 1738330107283,
    "duration" : 14516
  },
  "status" : "broken",
  "statusMessage" : "selenium.common.exceptions.TimeoutException: Message:",
  "statusTrace" : "self = <tests.test_im_reg_auth.TestImAuthReg object at 0x7fd3c45b8d40>\n\n    @allure.story('6.Yandex и ВК ID. Отображение кнопок входа')\n    @allure.title('Yandex и ВК ID. Отображение кнопок входа')\n    def test_ya_vk_displayed(self):\n>       self.auth_page.open_auth_page()\n\ntests/test_im_reg_auth.py:90: \n_ _ _ _ _ _ _ _ _ _ _ _ _ _ _ _ _ _ _ _ _ _ _ _ _ _ _ _ _ _ _ _ _ _ _ _ _ _ _ _ \npages/authpage.py:52: in open_auth_page\n    button_submit = self.wait_for_clickable_element('//button[text()=\"Применить\"]')\npages/authpage.py:28: in wait_for_clickable_element\n    return WebDriverWait(self.browser, timeout).until(\n_ _ _ _ _ _ _ _ _ _ _ _ _ _ _ _ _ _ _ _ _ _ _ _ _ _ _ _ _ _ _ _ _ _ _ _ _ _ _ _ \n\nself = <selenium.webdriver.support.wait.WebDriverWait (session=\"22c6bf6d5c942a97d1d4222c40367bc4\")>\nmethod = <function element_to_be_clickable.<locals>._predicate at 0x7fd3c45fe160>\nmessage = ''\n\n    def until(self, method: Callable[[D], Union[Literal[False], T]], message: str = \"\") -> T:\n        \"\"\"Calls the method provided with the driver as an argument until the \\\n        return value does not evaluate to ``False``.\n    \n        :param method: callable(WebDriver)\n        :param message: optional message for :exc:`TimeoutException`\n        :returns: the result of the last call to `method`\n        :raises: :exc:`selenium.common.exceptions.TimeoutException` if timeout occurs\n        \"\"\"\n        screen = None\n        stacktrace = None\n    \n        end_time = time.monotonic() + self._timeout\n        while True:\n            try:\n                value = method(self._driver)\n                if value:\n                    return value\n            except self._ignored_exceptions as exc:\n                screen = getattr(exc, \"screen\", None)\n                stacktrace = getattr(exc, \"stacktrace\", None)\n            if time.monotonic() > end_time:\n                break\n            time.sleep(self._poll)\n>       raise TimeoutException(message, screen, stacktrace)\nE       selenium.common.exceptions.TimeoutException: Message:\n\n../local/lib/python3.12/site-packages/selenium/webdriver/support/wait.py:105: TimeoutException",
  "flaky" : false,
  "newFailed" : false,
  "beforeStages" : [ {
    "name" : "setup",
    "time" : {
      "start" : 1738330092766,
      "stop" : 1738330092766,
      "duration" : 0
    },
    "status" : "passed",
    "steps" : [ ],
    "attachments" : [ ],
    "parameters" : [ ],
    "attachmentsCount" : 0,
    "shouldDisplayMessage" : false,
    "stepsCount" : 0,
    "hasContent" : false
  }, {
    "name" : "browser",
    "time" : {
      "start" : 1738330092452,
      "stop" : 1738330092766,
      "duration" : 314
    },
    "status" : "passed",
    "steps" : [ ],
    "attachments" : [ ],
    "parameters" : [ ],
    "attachmentsCount" : 0,
    "shouldDisplayMessage" : false,
    "stepsCount" : 0,
    "hasContent" : false
  }, {
    "name" : "set_allure_labels",
    "time" : {
      "start" : 1738330092766,
      "stop" : 1738330092766,
      "duration" : 0
    },
    "status" : "passed",
    "steps" : [ ],
    "attachments" : [ ],
    "parameters" : [ ],
    "attachmentsCount" : 0,
    "shouldDisplayMessage" : false,
    "stepsCount" : 0,
    "hasContent" : false
  } ],
  "testStage" : {
    "status" : "broken",
    "statusMessage" : "selenium.common.exceptions.TimeoutException: Message:",
    "statusTrace" : "self = <tests.test_im_reg_auth.TestImAuthReg object at 0x7fd3c45b8d40>\n\n    @allure.story('6.Yandex и ВК ID. Отображение кнопок входа')\n    @allure.title('Yandex и ВК ID. Отображение кнопок входа')\n    def test_ya_vk_displayed(self):\n>       self.auth_page.open_auth_page()\n\ntests/test_im_reg_auth.py:90: \n_ _ _ _ _ _ _ _ _ _ _ _ _ _ _ _ _ _ _ _ _ _ _ _ _ _ _ _ _ _ _ _ _ _ _ _ _ _ _ _ \npages/authpage.py:52: in open_auth_page\n    button_submit = self.wait_for_clickable_element('//button[text()=\"Применить\"]')\npages/authpage.py:28: in wait_for_clickable_element\n    return WebDriverWait(self.browser, timeout).until(\n_ _ _ _ _ _ _ _ _ _ _ _ _ _ _ _ _ _ _ _ _ _ _ _ _ _ _ _ _ _ _ _ _ _ _ _ _ _ _ _ \n\nself = <selenium.webdriver.support.wait.WebDriverWait (session=\"22c6bf6d5c942a97d1d4222c40367bc4\")>\nmethod = <function element_to_be_clickable.<locals>._predicate at 0x7fd3c45fe160>\nmessage = ''\n\n    def until(self, method: Callable[[D], Union[Literal[False], T]], message: str = \"\") -> T:\n        \"\"\"Calls the method provided with the driver as an argument until the \\\n        return value does not evaluate to ``False``.\n    \n        :param method: callable(WebDriver)\n        :param message: optional message for :exc:`TimeoutException`\n        :returns: the result of the last call to `method`\n        :raises: :exc:`selenium.common.exceptions.TimeoutException` if timeout occurs\n        \"\"\"\n        screen = None\n        stacktrace = None\n    \n        end_time = time.monotonic() + self._timeout\n        while True:\n            try:\n                value = method(self._driver)\n                if value:\n                    return value\n            except self._ignored_exceptions as exc:\n                screen = getattr(exc, \"screen\", None)\n                stacktrace = getattr(exc, \"stacktrace\", None)\n            if time.monotonic() > end_time:\n                break\n            time.sleep(self._poll)\n>       raise TimeoutException(message, screen, stacktrace)\nE       selenium.common.exceptions.TimeoutException: Message:\n\n../local/lib/python3.12/site-packages/selenium/webdriver/support/wait.py:105: TimeoutException",
    "steps" : [ {
      "name" : "Открыть страницу авторизации",
      "time" : {
        "start" : 1738330092767,
        "stop" : 1738330107282,
        "duration" : 14515
      },
      "status" : "broken",
      "statusMessage" : "selenium.common.exceptions.TimeoutException: Message: \n\n",
      "statusTrace" : "  File \"/usr/workspace/pages/authpage.py\", line 52, in open_auth_page\n    button_submit = self.wait_for_clickable_element('//button[text()=\"Применить\"]')\n                    ^^^^^^^^^^^^^^^^^^^^^^^^^^^^^^^^^^^^^^^^^^^^^^^^^^^^^^^^^^^^^^^\n  File \"/usr/workspace/pages/authpage.py\", line 28, in wait_for_clickable_element\n    return WebDriverWait(self.browser, timeout).until(\n           ^^^^^^^^^^^^^^^^^^^^^^^^^^^^^^^^^^^^^^^^^^^\n  File \"/usr/local/lib/python3.12/site-packages/selenium/webdriver/support/wait.py\", line 105, in until\n    raise TimeoutException(message, screen, stacktrace)\n",
      "steps" : [ ],
      "attachments" : [ {
        "uid" : "318b46f82ee61a24",
        "name" : "Ошибка ожидания кликабельного элемента: //button[text()=\"Применить\"]",
        "source" : "318b46f82ee61a24.txt",
        "type" : "text/plain",
        "size" : 10
      } ],
      "parameters" : [ ],
      "attachmentsCount" : 1,
      "shouldDisplayMessage" : true,
      "stepsCount" : 0,
      "hasContent" : true
    } ],
    "attachments" : [ ],
    "parameters" : [ ],
    "attachmentsCount" : 1,
    "shouldDisplayMessage" : true,
    "stepsCount" : 1,
    "hasContent" : true
  },
  "afterStages" : [ {
    "name" : "browser::0",
    "time" : {
      "start" : 1738330107294,
      "stop" : 1738330107349,
      "duration" : 55
    },
    "status" : "passed",
    "steps" : [ ],
    "attachments" : [ ],
    "parameters" : [ ],
    "attachmentsCount" : 0,
    "shouldDisplayMessage" : false,
    "stepsCount" : 0,
    "hasContent" : false
  } ],
  "labels" : [ {
    "name" : "parentSuite",
    "value" : "ИМ - Регистрация/авторизация"
  }, {
    "name" : "suite",
    "value" : "ИМ - Регистрация/авторизация"
  }, {
    "name" : "feature",
    "value" : "ИМ - Регистрация/авторизация"
  }, {
    "name" : "story",
    "value" : "6.Yandex и ВК ID. Отображение кнопок входа"
  }, {
    "name" : "subSuite",
    "value" : "TestImAuthReg"
  }, {
    "name" : "host",
    "value" : "23184f157363"
  }, {
    "name" : "thread",
    "value" : "1-MainThread"
  }, {
    "name" : "framework",
    "value" : "pytest"
  }, {
    "name" : "language",
    "value" : "cpython3"
  }, {
    "name" : "package",
    "value" : "tests.test_im_reg_auth"
  }, {
    "name" : "resultFormat",
    "value" : "allure2"
  } ],
  "parameters" : [ ],
  "links" : [ ],
  "hidden" : false,
  "retry" : false,
  "extra" : {
    "severity" : "normal",
    "retries" : [ ],
    "categories" : [ {
      "name" : "Test defects",
      "matchedStatuses" : [ ],
      "flaky" : false
    } ],
    "tags" : [ ]
  },
  "source" : "4b601c3d526dc72f.json",
  "parameterValues" : [ ]
}