{
  "uid" : "8ad4f1f9225d660",
  "name" : "Нажать кнопку \"Создать аккаунт\"",
  "fullName" : "tests.test_im_reg_auth.TestImAuthReg#test_reg_form_check",
  "historyId" : "82664eb132805c654001f74874064465",
  "time" : {
    "start" : 1738436956422,
    "stop" : 1738436971546,
    "duration" : 15124
  },
  "status" : "broken",
  "statusMessage" : "selenium.common.exceptions.TimeoutException: Message:",
  "statusTrace" : "self = <tests.test_im_reg_auth.TestImAuthReg object at 0x7f1469581280>\n\n    @allure.story('1.Регистрация. Переход к форме заполнения данных нового аккаунта')\n    @allure.title('Нажать кнопку \"Создать аккаунт\"')\n    def test_reg_form_check(self): #Нажать кнопку \"Создать аккаунт\"\n        self.main_page.open_main_page()\n>       self.main_page.click_login_icon()\n\ntests/test_im_reg_auth.py:12: \n_ _ _ _ _ _ _ _ _ _ _ _ _ _ _ _ _ _ _ _ _ _ _ _ _ _ _ _ _ _ _ _ _ _ _ _ _ _ _ _ \npages/mainpage.py:47: in click_login_icon\n    login_icon = self.wait_for_clickable_element('//button[@class=\"css-1svjifm e2cllgv3\"]')\npages/mainpage.py:19: in wait_for_clickable_element\n    return WebDriverWait(self.browser, timeout).until(\n_ _ _ _ _ _ _ _ _ _ _ _ _ _ _ _ _ _ _ _ _ _ _ _ _ _ _ _ _ _ _ _ _ _ _ _ _ _ _ _ \n\nself = <selenium.webdriver.support.wait.WebDriverWait (session=\"0ecc04c2d3ccac1cb99992701fb2434d\")>\nmethod = <function element_to_be_clickable.<locals>._predicate at 0x7f14695c87c0>\nmessage = ''\n\n    def until(self, method: Callable[[D], Union[Literal[False], T]], message: str = \"\") -> T:\n        \"\"\"Calls the method provided with the driver as an argument until the \\\n        return value does not evaluate to ``False``.\n    \n        :param method: callable(WebDriver)\n        :param message: optional message for :exc:`TimeoutException`\n        :returns: the result of the last call to `method`\n        :raises: :exc:`selenium.common.exceptions.TimeoutException` if timeout occurs\n        \"\"\"\n        screen = None\n        stacktrace = None\n    \n        end_time = time.monotonic() + self._timeout\n        while True:\n            try:\n                value = method(self._driver)\n                if value:\n                    return value\n            except self._ignored_exceptions as exc:\n                screen = getattr(exc, \"screen\", None)\n                stacktrace = getattr(exc, \"stacktrace\", None)\n            if time.monotonic() > end_time:\n                break\n            time.sleep(self._poll)\n>       raise TimeoutException(message, screen, stacktrace)\nE       selenium.common.exceptions.TimeoutException: Message:\n\n../local/lib/python3.12/site-packages/selenium/webdriver/support/wait.py:105: TimeoutException",
  "flaky" : false,
  "newFailed" : false,
  "beforeStages" : [ {
    "name" : "setup",
    "time" : {
      "start" : 1738436956422,
      "stop" : 1738436956422,
      "duration" : 0
    },
    "status" : "passed",
    "steps" : [ ],
    "attachments" : [ ],
    "parameters" : [ ],
    "attachmentsCount" : 0,
    "shouldDisplayMessage" : false,
    "stepsCount" : 0,
    "hasContent" : false
  }, {
    "name" : "set_allure_labels",
    "time" : {
      "start" : 1738436956422,
      "stop" : 1738436956422,
      "duration" : 0
    },
    "status" : "passed",
    "steps" : [ ],
    "attachments" : [ ],
    "parameters" : [ ],
    "attachmentsCount" : 0,
    "shouldDisplayMessage" : false,
    "stepsCount" : 0,
    "hasContent" : false
  }, {
    "name" : "browser",
    "time" : {
      "start" : 1738436956054,
      "stop" : 1738436956421,
      "duration" : 367
    },
    "status" : "passed",
    "steps" : [ ],
    "attachments" : [ ],
    "parameters" : [ ],
    "attachmentsCount" : 0,
    "shouldDisplayMessage" : false,
    "stepsCount" : 0,
    "hasContent" : false
  } ],
  "testStage" : {
    "status" : "broken",
    "statusMessage" : "selenium.common.exceptions.TimeoutException: Message:",
    "statusTrace" : "self = <tests.test_im_reg_auth.TestImAuthReg object at 0x7f1469581280>\n\n    @allure.story('1.Регистрация. Переход к форме заполнения данных нового аккаунта')\n    @allure.title('Нажать кнопку \"Создать аккаунт\"')\n    def test_reg_form_check(self): #Нажать кнопку \"Создать аккаунт\"\n        self.main_page.open_main_page()\n>       self.main_page.click_login_icon()\n\ntests/test_im_reg_auth.py:12: \n_ _ _ _ _ _ _ _ _ _ _ _ _ _ _ _ _ _ _ _ _ _ _ _ _ _ _ _ _ _ _ _ _ _ _ _ _ _ _ _ \npages/mainpage.py:47: in click_login_icon\n    login_icon = self.wait_for_clickable_element('//button[@class=\"css-1svjifm e2cllgv3\"]')\npages/mainpage.py:19: in wait_for_clickable_element\n    return WebDriverWait(self.browser, timeout).until(\n_ _ _ _ _ _ _ _ _ _ _ _ _ _ _ _ _ _ _ _ _ _ _ _ _ _ _ _ _ _ _ _ _ _ _ _ _ _ _ _ \n\nself = <selenium.webdriver.support.wait.WebDriverWait (session=\"0ecc04c2d3ccac1cb99992701fb2434d\")>\nmethod = <function element_to_be_clickable.<locals>._predicate at 0x7f14695c87c0>\nmessage = ''\n\n    def until(self, method: Callable[[D], Union[Literal[False], T]], message: str = \"\") -> T:\n        \"\"\"Calls the method provided with the driver as an argument until the \\\n        return value does not evaluate to ``False``.\n    \n        :param method: callable(WebDriver)\n        :param message: optional message for :exc:`TimeoutException`\n        :returns: the result of the last call to `method`\n        :raises: :exc:`selenium.common.exceptions.TimeoutException` if timeout occurs\n        \"\"\"\n        screen = None\n        stacktrace = None\n    \n        end_time = time.monotonic() + self._timeout\n        while True:\n            try:\n                value = method(self._driver)\n                if value:\n                    return value\n            except self._ignored_exceptions as exc:\n                screen = getattr(exc, \"screen\", None)\n                stacktrace = getattr(exc, \"stacktrace\", None)\n            if time.monotonic() > end_time:\n                break\n            time.sleep(self._poll)\n>       raise TimeoutException(message, screen, stacktrace)\nE       selenium.common.exceptions.TimeoutException: Message:\n\n../local/lib/python3.12/site-packages/selenium/webdriver/support/wait.py:105: TimeoutException",
    "steps" : [ {
      "name" : "Открыть сайт",
      "time" : {
        "start" : 1738436956423,
        "stop" : 1738436961462,
        "duration" : 5039
      },
      "status" : "passed",
      "steps" : [ ],
      "attachments" : [ ],
      "parameters" : [ ],
      "attachmentsCount" : 0,
      "shouldDisplayMessage" : false,
      "stepsCount" : 0,
      "hasContent" : false
    }, {
      "name" : "Нажать иконку входа",
      "time" : {
        "start" : 1738436961462,
        "stop" : 1738436971546,
        "duration" : 10084
      },
      "status" : "broken",
      "statusMessage" : "selenium.common.exceptions.TimeoutException: Message: \n\n",
      "statusTrace" : "  File \"/usr/workspace/pages/mainpage.py\", line 47, in click_login_icon\n    login_icon = self.wait_for_clickable_element('//button[@class=\"css-1svjifm e2cllgv3\"]')\n                 ^^^^^^^^^^^^^^^^^^^^^^^^^^^^^^^^^^^^^^^^^^^^^^^^^^^^^^^^^^^^^^^^^^^^^^^^^^\n  File \"/usr/workspace/pages/mainpage.py\", line 19, in wait_for_clickable_element\n    return WebDriverWait(self.browser, timeout).until(\n           ^^^^^^^^^^^^^^^^^^^^^^^^^^^^^^^^^^^^^^^^^^^\n  File \"/usr/local/lib/python3.12/site-packages/selenium/webdriver/support/wait.py\", line 105, in until\n    raise TimeoutException(message, screen, stacktrace)\n",
      "steps" : [ ],
      "attachments" : [ ],
      "parameters" : [ ],
      "attachmentsCount" : 0,
      "shouldDisplayMessage" : true,
      "stepsCount" : 0,
      "hasContent" : true
    } ],
    "attachments" : [ ],
    "parameters" : [ ],
    "attachmentsCount" : 0,
    "shouldDisplayMessage" : true,
    "stepsCount" : 2,
    "hasContent" : true
  },
  "afterStages" : [ {
    "name" : "browser::0",
    "time" : {
      "start" : 1738436971583,
      "stop" : 1738436971668,
      "duration" : 85
    },
    "status" : "passed",
    "steps" : [ ],
    "attachments" : [ ],
    "parameters" : [ ],
    "attachmentsCount" : 0,
    "shouldDisplayMessage" : false,
    "stepsCount" : 0,
    "hasContent" : false
  } ],
  "labels" : [ {
    "name" : "parentSuite",
    "value" : "ИМ - Регистрация/авторизация"
  }, {
    "name" : "suite",
    "value" : "ИМ - Регистрация/авторизация"
  }, {
    "name" : "feature",
    "value" : "ИМ - Регистрация/авторизация"
  }, {
    "name" : "story",
    "value" : "1.Регистрация. Переход к форме заполнения данных нового аккаунта"
  }, {
    "name" : "subSuite",
    "value" : "TestImAuthReg"
  }, {
    "name" : "host",
    "value" : "7088827a397f"
  }, {
    "name" : "thread",
    "value" : "1-MainThread"
  }, {
    "name" : "framework",
    "value" : "pytest"
  }, {
    "name" : "language",
    "value" : "cpython3"
  }, {
    "name" : "package",
    "value" : "tests.test_im_reg_auth"
  }, {
    "name" : "resultFormat",
    "value" : "allure2"
  } ],
  "parameters" : [ ],
  "links" : [ ],
  "hidden" : false,
  "retry" : false,
  "extra" : {
    "severity" : "normal",
    "retries" : [ ],
    "categories" : [ {
      "name" : "Test defects",
      "matchedStatuses" : [ ],
      "flaky" : false
    } ],
    "tags" : [ ]
  },
  "source" : "8ad4f1f9225d660.json",
  "parameterValues" : [ ]
}