{
  "uid" : "a099c0fab062bf9e",
  "name" : "Ввод различных данных и проверка авторизации ",
  "fullName" : "tests.test_im_reg_auth.TestImAuthReg#test_auth_check_auth",
  "historyId" : "f6bffaa098c0061225a1acc3b1f5a83e",
  "time" : {
    "start" : 1738329500425,
    "stop" : 1738329510773,
    "duration" : 10348
  },
  "status" : "broken",
  "statusMessage" : "selenium.common.exceptions.TimeoutException: Message:",
  "statusTrace" : "self = <tests.test_im_reg_auth.TestImAuthReg object at 0x7f3f4232c4d0>\nlogin = '79000000000', password = 'PolkA890!'\nerror = 'Неверный логин или пароль'\n\n    @allure.story('3.Авторизация. Проверка авторизации')\n    @allure.title('Ввод различных данных и проверка авторизации ')\n    @pytest.mark.parametrize(\"login, password, error\", [\n            ('79112223388', 'PolkA890!', 'Неверный логин или пароль'),\n            ('79000000000', 'PolkA890!', 'Неверный логин или пароль'),\n            ('79935229866', 'PolkA890!', '')\n        ])\n    def test_auth_check_auth(self, login, password, error):\n>       self.auth_page.open_auth_page()\n\ntests/test_im_reg_auth.py:66: \n_ _ _ _ _ _ _ _ _ _ _ _ _ _ _ _ _ _ _ _ _ _ _ _ _ _ _ _ _ _ _ _ _ _ _ _ _ _ _ _ \npages/authpage.py:52: in open_auth_page\n    button_submit = self.wait_for_clickable_element('//button[text()=\"Применить\"]')\npages/authpage.py:28: in wait_for_clickable_element\n    return WebDriverWait(self.browser, timeout).until(\n_ _ _ _ _ _ _ _ _ _ _ _ _ _ _ _ _ _ _ _ _ _ _ _ _ _ _ _ _ _ _ _ _ _ _ _ _ _ _ _ \n\nself = <selenium.webdriver.support.wait.WebDriverWait (session=\"d209d4dab6fa609e5baa172b1a624a1e\")>\nmethod = <function element_to_be_clickable.<locals>._predicate at 0x7f3f42371120>\nmessage = ''\n\n    def until(self, method: Callable[[D], Union[Literal[False], T]], message: str = \"\") -> T:\n        \"\"\"Calls the method provided with the driver as an argument until the \\\n        return value does not evaluate to ``False``.\n    \n        :param method: callable(WebDriver)\n        :param message: optional message for :exc:`TimeoutException`\n        :returns: the result of the last call to `method`\n        :raises: :exc:`selenium.common.exceptions.TimeoutException` if timeout occurs\n        \"\"\"\n        screen = None\n        stacktrace = None\n    \n        end_time = time.monotonic() + self._timeout\n        while True:\n            try:\n                value = method(self._driver)\n                if value:\n                    return value\n            except self._ignored_exceptions as exc:\n                screen = getattr(exc, \"screen\", None)\n                stacktrace = getattr(exc, \"stacktrace\", None)\n            if time.monotonic() > end_time:\n                break\n            time.sleep(self._poll)\n>       raise TimeoutException(message, screen, stacktrace)\nE       selenium.common.exceptions.TimeoutException: Message:\n\n../local/lib/python3.12/site-packages/selenium/webdriver/support/wait.py:105: TimeoutException",
  "flaky" : false,
  "newFailed" : false,
  "beforeStages" : [ {
    "name" : "set_allure_labels",
    "time" : {
      "start" : 1738329500425,
      "stop" : 1738329500425,
      "duration" : 0
    },
    "status" : "passed",
    "steps" : [ ],
    "attachments" : [ ],
    "parameters" : [ ],
    "attachmentsCount" : 0,
    "shouldDisplayMessage" : false,
    "hasContent" : false,
    "stepsCount" : 0
  }, {
    "name" : "browser",
    "time" : {
      "start" : 1738329500109,
      "stop" : 1738329500424,
      "duration" : 315
    },
    "status" : "passed",
    "steps" : [ ],
    "attachments" : [ ],
    "parameters" : [ ],
    "attachmentsCount" : 0,
    "shouldDisplayMessage" : false,
    "hasContent" : false,
    "stepsCount" : 0
  }, {
    "name" : "setup",
    "time" : {
      "start" : 1738329500425,
      "stop" : 1738329500425,
      "duration" : 0
    },
    "status" : "passed",
    "steps" : [ ],
    "attachments" : [ ],
    "parameters" : [ ],
    "attachmentsCount" : 0,
    "shouldDisplayMessage" : false,
    "hasContent" : false,
    "stepsCount" : 0
  } ],
  "testStage" : {
    "status" : "broken",
    "statusMessage" : "selenium.common.exceptions.TimeoutException: Message:",
    "statusTrace" : "self = <tests.test_im_reg_auth.TestImAuthReg object at 0x7f3f4232c4d0>\nlogin = '79000000000', password = 'PolkA890!'\nerror = 'Неверный логин или пароль'\n\n    @allure.story('3.Авторизация. Проверка авторизации')\n    @allure.title('Ввод различных данных и проверка авторизации ')\n    @pytest.mark.parametrize(\"login, password, error\", [\n            ('79112223388', 'PolkA890!', 'Неверный логин или пароль'),\n            ('79000000000', 'PolkA890!', 'Неверный логин или пароль'),\n            ('79935229866', 'PolkA890!', '')\n        ])\n    def test_auth_check_auth(self, login, password, error):\n>       self.auth_page.open_auth_page()\n\ntests/test_im_reg_auth.py:66: \n_ _ _ _ _ _ _ _ _ _ _ _ _ _ _ _ _ _ _ _ _ _ _ _ _ _ _ _ _ _ _ _ _ _ _ _ _ _ _ _ \npages/authpage.py:52: in open_auth_page\n    button_submit = self.wait_for_clickable_element('//button[text()=\"Применить\"]')\npages/authpage.py:28: in wait_for_clickable_element\n    return WebDriverWait(self.browser, timeout).until(\n_ _ _ _ _ _ _ _ _ _ _ _ _ _ _ _ _ _ _ _ _ _ _ _ _ _ _ _ _ _ _ _ _ _ _ _ _ _ _ _ \n\nself = <selenium.webdriver.support.wait.WebDriverWait (session=\"d209d4dab6fa609e5baa172b1a624a1e\")>\nmethod = <function element_to_be_clickable.<locals>._predicate at 0x7f3f42371120>\nmessage = ''\n\n    def until(self, method: Callable[[D], Union[Literal[False], T]], message: str = \"\") -> T:\n        \"\"\"Calls the method provided with the driver as an argument until the \\\n        return value does not evaluate to ``False``.\n    \n        :param method: callable(WebDriver)\n        :param message: optional message for :exc:`TimeoutException`\n        :returns: the result of the last call to `method`\n        :raises: :exc:`selenium.common.exceptions.TimeoutException` if timeout occurs\n        \"\"\"\n        screen = None\n        stacktrace = None\n    \n        end_time = time.monotonic() + self._timeout\n        while True:\n            try:\n                value = method(self._driver)\n                if value:\n                    return value\n            except self._ignored_exceptions as exc:\n                screen = getattr(exc, \"screen\", None)\n                stacktrace = getattr(exc, \"stacktrace\", None)\n            if time.monotonic() > end_time:\n                break\n            time.sleep(self._poll)\n>       raise TimeoutException(message, screen, stacktrace)\nE       selenium.common.exceptions.TimeoutException: Message:\n\n../local/lib/python3.12/site-packages/selenium/webdriver/support/wait.py:105: TimeoutException",
    "steps" : [ {
      "name" : "Открыть страницу авторизации",
      "time" : {
        "start" : 1738329500425,
        "stop" : 1738329510773,
        "duration" : 10348
      },
      "status" : "broken",
      "statusMessage" : "selenium.common.exceptions.TimeoutException: Message: \n\n",
      "statusTrace" : "  File \"/usr/workspace/pages/authpage.py\", line 52, in open_auth_page\n    button_submit = self.wait_for_clickable_element('//button[text()=\"Применить\"]')\n                    ^^^^^^^^^^^^^^^^^^^^^^^^^^^^^^^^^^^^^^^^^^^^^^^^^^^^^^^^^^^^^^^\n  File \"/usr/workspace/pages/authpage.py\", line 28, in wait_for_clickable_element\n    return WebDriverWait(self.browser, timeout).until(\n           ^^^^^^^^^^^^^^^^^^^^^^^^^^^^^^^^^^^^^^^^^^^\n  File \"/usr/local/lib/python3.12/site-packages/selenium/webdriver/support/wait.py\", line 105, in until\n    raise TimeoutException(message, screen, stacktrace)\n",
      "steps" : [ ],
      "attachments" : [ {
        "uid" : "f9c941e49f732573",
        "name" : "Ошибка ожидания кликабельного элемента: //button[text()=\"Применить\"]",
        "source" : "f9c941e49f732573.txt",
        "type" : "text/plain",
        "size" : 10
      } ],
      "parameters" : [ ],
      "attachmentsCount" : 1,
      "shouldDisplayMessage" : true,
      "hasContent" : true,
      "stepsCount" : 0
    } ],
    "attachments" : [ ],
    "parameters" : [ ],
    "attachmentsCount" : 1,
    "shouldDisplayMessage" : true,
    "hasContent" : true,
    "stepsCount" : 1
  },
  "afterStages" : [ {
    "name" : "browser::0",
    "time" : {
      "start" : 1738329510786,
      "stop" : 1738329510840,
      "duration" : 54
    },
    "status" : "passed",
    "steps" : [ ],
    "attachments" : [ ],
    "parameters" : [ ],
    "attachmentsCount" : 0,
    "shouldDisplayMessage" : false,
    "hasContent" : false,
    "stepsCount" : 0
  } ],
  "labels" : [ {
    "name" : "parentSuite",
    "value" : "ИМ - Регистрация/авторизация"
  }, {
    "name" : "suite",
    "value" : "ИМ - Регистрация/авторизация"
  }, {
    "name" : "feature",
    "value" : "ИМ - Регистрация/авторизация"
  }, {
    "name" : "story",
    "value" : "3.Авторизация. Проверка авторизации"
  }, {
    "name" : "subSuite",
    "value" : "TestImAuthReg"
  }, {
    "name" : "host",
    "value" : "8c1f4da244fd"
  }, {
    "name" : "thread",
    "value" : "1-MainThread"
  }, {
    "name" : "framework",
    "value" : "pytest"
  }, {
    "name" : "language",
    "value" : "cpython3"
  }, {
    "name" : "package",
    "value" : "tests.test_im_reg_auth"
  }, {
    "name" : "resultFormat",
    "value" : "allure2"
  } ],
  "parameters" : [ {
    "name" : "error",
    "value" : "'Неверный логин или пароль'"
  }, {
    "name" : "login",
    "value" : "'79000000000'"
  }, {
    "name" : "password",
    "value" : "'PolkA890!'"
  } ],
  "links" : [ ],
  "hidden" : false,
  "retry" : false,
  "extra" : {
    "severity" : "normal",
    "retries" : [ ],
    "categories" : [ {
      "name" : "Test defects",
      "matchedStatuses" : [ ],
      "flaky" : false
    } ],
    "tags" : [ ]
  },
  "source" : "a099c0fab062bf9e.json",
  "parameterValues" : [ "'Неверный логин или пароль'", "'79000000000'", "'PolkA890!'" ]
}