{
  "uid" : "de225c2fe9cd8444",
  "name" : "Ввести в поле ввода номера символы и буквы",
  "fullName" : "tests.test_im_reg_auth.TestImAuthReg#test_reg_form_input_tel_validation",
  "historyId" : "8e1a7ae46d4da3279db79e4eeecd1216",
  "time" : {
    "start" : 1738329993920,
    "stop" : 1738330008695,
    "duration" : 14775
  },
  "status" : "broken",
  "statusMessage" : "selenium.common.exceptions.TimeoutException: Message:",
  "statusTrace" : "self = <tests.test_im_reg_auth.TestImAuthReg object at 0x7fd3c578f470>\nphone = 'АаZz!@#$ _', error = 'Обязательное поле'\n\n    @allure.story('1.Регистрация. Переход к форме заполнения данных нового аккаунта')\n    @allure.title('Ввести в поле ввода номера символы и буквы')\n    @pytest.mark.parametrize(\"phone, error\", [\n            ('АаZz!@#$ _', 'Обязательное поле'),\n            ('987654321', 'Введите оставшиеся цифры')])\n    def test_reg_form_input_tel_validation(self, phone, error):\n>       self.reg_page.open_reg_page()\n\ntests/test_im_reg_auth.py:23: \n_ _ _ _ _ _ _ _ _ _ _ _ _ _ _ _ _ _ _ _ _ _ _ _ _ _ _ _ _ _ _ _ _ _ _ _ _ _ _ _ \npages/regpage.py:39: in open_reg_page\n    button_submit = self.wait_for_clickable_element('//button[text()=\"Применить\"]')\npages/regpage.py:29: in wait_for_clickable_element\n    return WebDriverWait(self.browser, timeout).until(EC.element_to_be_clickable((by, locator)))\n_ _ _ _ _ _ _ _ _ _ _ _ _ _ _ _ _ _ _ _ _ _ _ _ _ _ _ _ _ _ _ _ _ _ _ _ _ _ _ _ \n\nself = <selenium.webdriver.support.wait.WebDriverWait (session=\"5faeaccf5806ed412fdb60959c182654\")>\nmethod = <function element_to_be_clickable.<locals>._predicate at 0x7fd3c45befc0>\nmessage = ''\n\n    def until(self, method: Callable[[D], Union[Literal[False], T]], message: str = \"\") -> T:\n        \"\"\"Calls the method provided with the driver as an argument until the \\\n        return value does not evaluate to ``False``.\n    \n        :param method: callable(WebDriver)\n        :param message: optional message for :exc:`TimeoutException`\n        :returns: the result of the last call to `method`\n        :raises: :exc:`selenium.common.exceptions.TimeoutException` if timeout occurs\n        \"\"\"\n        screen = None\n        stacktrace = None\n    \n        end_time = time.monotonic() + self._timeout\n        while True:\n            try:\n                value = method(self._driver)\n                if value:\n                    return value\n            except self._ignored_exceptions as exc:\n                screen = getattr(exc, \"screen\", None)\n                stacktrace = getattr(exc, \"stacktrace\", None)\n            if time.monotonic() > end_time:\n                break\n            time.sleep(self._poll)\n>       raise TimeoutException(message, screen, stacktrace)\nE       selenium.common.exceptions.TimeoutException: Message:\n\n../local/lib/python3.12/site-packages/selenium/webdriver/support/wait.py:105: TimeoutException",
  "flaky" : false,
  "newFailed" : false,
  "beforeStages" : [ {
    "name" : "setup",
    "time" : {
      "start" : 1738329993919,
      "stop" : 1738329993919,
      "duration" : 0
    },
    "status" : "passed",
    "steps" : [ ],
    "attachments" : [ ],
    "parameters" : [ ],
    "attachmentsCount" : 0,
    "shouldDisplayMessage" : false,
    "stepsCount" : 0,
    "hasContent" : false
  }, {
    "name" : "browser",
    "time" : {
      "start" : 1738329993605,
      "stop" : 1738329993919,
      "duration" : 314
    },
    "status" : "passed",
    "steps" : [ ],
    "attachments" : [ ],
    "parameters" : [ ],
    "attachmentsCount" : 0,
    "shouldDisplayMessage" : false,
    "stepsCount" : 0,
    "hasContent" : false
  }, {
    "name" : "set_allure_labels",
    "time" : {
      "start" : 1738329993919,
      "stop" : 1738329993919,
      "duration" : 0
    },
    "status" : "passed",
    "steps" : [ ],
    "attachments" : [ ],
    "parameters" : [ ],
    "attachmentsCount" : 0,
    "shouldDisplayMessage" : false,
    "stepsCount" : 0,
    "hasContent" : false
  } ],
  "testStage" : {
    "status" : "broken",
    "statusMessage" : "selenium.common.exceptions.TimeoutException: Message:",
    "statusTrace" : "self = <tests.test_im_reg_auth.TestImAuthReg object at 0x7fd3c578f470>\nphone = 'АаZz!@#$ _', error = 'Обязательное поле'\n\n    @allure.story('1.Регистрация. Переход к форме заполнения данных нового аккаунта')\n    @allure.title('Ввести в поле ввода номера символы и буквы')\n    @pytest.mark.parametrize(\"phone, error\", [\n            ('АаZz!@#$ _', 'Обязательное поле'),\n            ('987654321', 'Введите оставшиеся цифры')])\n    def test_reg_form_input_tel_validation(self, phone, error):\n>       self.reg_page.open_reg_page()\n\ntests/test_im_reg_auth.py:23: \n_ _ _ _ _ _ _ _ _ _ _ _ _ _ _ _ _ _ _ _ _ _ _ _ _ _ _ _ _ _ _ _ _ _ _ _ _ _ _ _ \npages/regpage.py:39: in open_reg_page\n    button_submit = self.wait_for_clickable_element('//button[text()=\"Применить\"]')\npages/regpage.py:29: in wait_for_clickable_element\n    return WebDriverWait(self.browser, timeout).until(EC.element_to_be_clickable((by, locator)))\n_ _ _ _ _ _ _ _ _ _ _ _ _ _ _ _ _ _ _ _ _ _ _ _ _ _ _ _ _ _ _ _ _ _ _ _ _ _ _ _ \n\nself = <selenium.webdriver.support.wait.WebDriverWait (session=\"5faeaccf5806ed412fdb60959c182654\")>\nmethod = <function element_to_be_clickable.<locals>._predicate at 0x7fd3c45befc0>\nmessage = ''\n\n    def until(self, method: Callable[[D], Union[Literal[False], T]], message: str = \"\") -> T:\n        \"\"\"Calls the method provided with the driver as an argument until the \\\n        return value does not evaluate to ``False``.\n    \n        :param method: callable(WebDriver)\n        :param message: optional message for :exc:`TimeoutException`\n        :returns: the result of the last call to `method`\n        :raises: :exc:`selenium.common.exceptions.TimeoutException` if timeout occurs\n        \"\"\"\n        screen = None\n        stacktrace = None\n    \n        end_time = time.monotonic() + self._timeout\n        while True:\n            try:\n                value = method(self._driver)\n                if value:\n                    return value\n            except self._ignored_exceptions as exc:\n                screen = getattr(exc, \"screen\", None)\n                stacktrace = getattr(exc, \"stacktrace\", None)\n            if time.monotonic() > end_time:\n                break\n            time.sleep(self._poll)\n>       raise TimeoutException(message, screen, stacktrace)\nE       selenium.common.exceptions.TimeoutException: Message:\n\n../local/lib/python3.12/site-packages/selenium/webdriver/support/wait.py:105: TimeoutException",
    "steps" : [ {
      "name" : "Открыть страницу регистрации",
      "time" : {
        "start" : 1738329993920,
        "stop" : 1738330008694,
        "duration" : 14774
      },
      "status" : "broken",
      "statusMessage" : "selenium.common.exceptions.TimeoutException: Message: \n\n",
      "statusTrace" : "  File \"/usr/workspace/pages/regpage.py\", line 39, in open_reg_page\n    button_submit = self.wait_for_clickable_element('//button[text()=\"Применить\"]')\n                    ^^^^^^^^^^^^^^^^^^^^^^^^^^^^^^^^^^^^^^^^^^^^^^^^^^^^^^^^^^^^^^^\n  File \"/usr/workspace/pages/regpage.py\", line 29, in wait_for_clickable_element\n    return WebDriverWait(self.browser, timeout).until(EC.element_to_be_clickable((by, locator)))\n           ^^^^^^^^^^^^^^^^^^^^^^^^^^^^^^^^^^^^^^^^^^^^^^^^^^^^^^^^^^^^^^^^^^^^^^^^^^^^^^^^^^^^^\n  File \"/usr/local/lib/python3.12/site-packages/selenium/webdriver/support/wait.py\", line 105, in until\n    raise TimeoutException(message, screen, stacktrace)\n",
      "steps" : [ ],
      "attachments" : [ {
        "uid" : "a0df146011682e14",
        "name" : "Ошибка ожидания кликабельного элемента: //button[text()=\"Применить\"]",
        "source" : "a0df146011682e14.txt",
        "type" : "text/plain",
        "size" : 10
      } ],
      "parameters" : [ ],
      "attachmentsCount" : 1,
      "shouldDisplayMessage" : true,
      "stepsCount" : 0,
      "hasContent" : true
    } ],
    "attachments" : [ ],
    "parameters" : [ ],
    "attachmentsCount" : 1,
    "shouldDisplayMessage" : true,
    "stepsCount" : 1,
    "hasContent" : true
  },
  "afterStages" : [ {
    "name" : "browser::0",
    "time" : {
      "start" : 1738330008702,
      "stop" : 1738330008757,
      "duration" : 55
    },
    "status" : "passed",
    "steps" : [ ],
    "attachments" : [ ],
    "parameters" : [ ],
    "attachmentsCount" : 0,
    "shouldDisplayMessage" : false,
    "stepsCount" : 0,
    "hasContent" : false
  } ],
  "labels" : [ {
    "name" : "parentSuite",
    "value" : "ИМ - Регистрация/авторизация"
  }, {
    "name" : "suite",
    "value" : "ИМ - Регистрация/авторизация"
  }, {
    "name" : "feature",
    "value" : "ИМ - Регистрация/авторизация"
  }, {
    "name" : "story",
    "value" : "1.Регистрация. Переход к форме заполнения данных нового аккаунта"
  }, {
    "name" : "subSuite",
    "value" : "TestImAuthReg"
  }, {
    "name" : "host",
    "value" : "23184f157363"
  }, {
    "name" : "thread",
    "value" : "1-MainThread"
  }, {
    "name" : "framework",
    "value" : "pytest"
  }, {
    "name" : "language",
    "value" : "cpython3"
  }, {
    "name" : "package",
    "value" : "tests.test_im_reg_auth"
  }, {
    "name" : "resultFormat",
    "value" : "allure2"
  } ],
  "parameters" : [ {
    "name" : "error",
    "value" : "'Обязательное поле'"
  }, {
    "name" : "phone",
    "value" : "'АаZz!@#$ _'"
  } ],
  "links" : [ ],
  "hidden" : false,
  "retry" : false,
  "extra" : {
    "severity" : "normal",
    "retries" : [ ],
    "categories" : [ {
      "name" : "Test defects",
      "matchedStatuses" : [ ],
      "flaky" : false
    } ],
    "tags" : [ ]
  },
  "source" : "de225c2fe9cd8444.json",
  "parameterValues" : [ "'Обязательное поле'", "'АаZz!@#$ _'" ]
}